[2017-05-12 17:43:59] START
[2017-05-25 18:50:48] EDIT PIOLink/views/default/index.html: 95
[2017-05-25 19:05:26] EDIT PIOLink/controllers/default.py: 0
[2017-05-25 19:06:21] EDIT PIOLink/controllers/default.py: 0
[2017-05-25 19:07:16] EDIT PIOLink/controllers/default.py: 0
[2017-05-25 19:07:29] EDIT PIOLink/controllers/default.py: 0
[2017-05-25 19:07:37] EDIT PIOLink/controllers/default.py: 0
[2017-05-25 19:11:56] EDIT PIOLink/controllers/default.py: 0
[2017-05-25 19:14:57] EDIT PIOLink/controllers/default.py: 0
[2017-06-02 21:40:09] EDIT PIOLink/models/db.py: -3
[2017-06-02 21:41:06] EDIT PIOLink/models/db.py: 0
[2017-06-02 21:42:42] EDIT PIOLink/models/db.py: 0
[2017-06-02 21:56:56] EDIT PIOLink/models/db.py: 0
[2017-06-02 21:58:08] EDIT PIOLink/models/db.py: 0
[2017-06-02 22:02:56] EDIT PIOLink/models/db.py: 0
[2017-09-03 14:12:25] EDIT PIOLink/controllers/default.py: 0
[2017-09-03 14:13:45] EDIT PIOLink/controllers/default.py: 0
[2017-09-03 14:14:03] EDIT PIOLink/controllers/default.py: 0
[2017-09-03 14:17:05] EDIT PIOLink/controllers/default.py: 0
[2017-09-03 14:18:32] EDIT PIOLink/controllers/default.py: 0
[2017-09-03 14:19:12] EDIT PIOLink/controllers/default.py: 0
[2017-09-03 14:19:38] EDIT PIOLink/controllers/default.py: 0
[2017-09-30 13:00:31] EDIT PIOLink/models/db.py: 0
[2017-10-06 21:38:56] EDIT SistemaPIO/controllers/default.py: 8
[2017-10-10 18:33:13] CREATE default/redireccionando.html: 0
[2017-10-10 18:33:43] EDIT SisPIOrafael2/views/default/redireccionando.html: 0[2017-10-13 10:14:55] EDIT SisPIOSinConsultaV2/controllers/default.py: 99
[2017-10-13 12:05:53] EDIT SisPIOSinConsultaV2/models/db.py: 0
[2017-10-13 12:09:25] EDIT SisPIOSinConsultaV2/models/db.py: 0
[2017-10-13 12:28:47] EDIT SisPIOSinConsultaV2/models/db.py: 0
[2017-10-13 12:28:49] EDIT SisPIOSinConsultaV2/models/db.py: 0
[2017-10-13 12:30:56] EDIT SisPIOSinConsultaV2/models/db.py: 0
[2017-10-13 12:32:51] EDIT SisPIOSinConsultaV2/models/db.py: 0
[2017-10-13 12:41:36] EDIT SisPIOSinConsultaV2/controllers/default.py: -5
[2017-10-13 12:41:56] EDIT SisPIOSinConsultaV2/controllers/default.py: 0
[2017-10-13 12:48:29] EDIT SisPIOSinConsultaV2/views/default/welcome.html: 0
[2017-10-13 12:50:55] EDIT SisPIOSinConsultaV2/controllers/default.py: 1
[2017-10-13 12:51:00] EDIT SisPIOSinConsultaV2/controllers/default.py: 0
[2017-10-13 12:52:24] EDIT SisPIOSinConsultaV2/controllers/default.py: 0
[2017-10-13 12:53:20] EDIT SisPIOSinConsultaV2/controllers/default.py: 0
[2017-10-13 12:54:11] EDIT SisPIOSinConsultaV2/controllers/default.py: 0
[2017-10-13 12:54:59] EDIT SisPIOSinConsultaV2/controllers/default.py: 0
[2017-10-13 12:56:13] EDIT SisPIOSinConsultaV2/controllers/default.py: 0
[2017-10-13 12:59:12] EDIT SisPIOSinConsultaV2/controllers/default.py: 0
[2017-10-13 12:59:34] EDIT SisPIOSinConsultaV2/controllers/default.py: 0
[2017-10-13 13:00:20] EDIT SisPIOSinConsultaV2/controllers/default.py: 0
[2017-10-13 13:01:58] EDIT SisPIOSinConsultaV2/controllers/default.py: 0
[2017-10-13 13:03:06] EDIT SisPIOSinConsultaV2/controllers/default.py: 0
[2017-10-13 13:03:32] EDIT SisPIOSinConsultaV2/controllers/default.py: 0
[2017-10-13 13:05:01] EDIT SisPIOSinConsultaV2/controllers/default.py: 0
[2017-10-13 13:20:57] EDIT SisPIOSinConsultaV2/views/default/welcome.html: 0
[2017-10-13 13:21:38] EDIT SisPIOSinConsultaV2/views/default/welcome.html: 0
[2017-10-13 13:25:03] EDIT SisPIOSinConsultaV2/controllers/default.py: 0
[2017-10-13 13:25:56] EDIT SisPIOSinConsultaV2/views/default/welcome.html: 0
[2017-10-13 13:26:48] EDIT SisPIOSinConsultaV2/views/default/welcome.html: 0
[2017-10-13 13:27:22] EDIT SisPIOSinConsultaV2/views/default/welcome.html: 0
[2017-10-13 13:28:22] EDIT SisPIOSinConsultaV2/views/default/welcome.html: 0
[2017-10-13 13:28:25] EDIT SisPIOSinConsultaV2/views/default/welcome.html: 0
[2017-10-13 13:29:37] EDIT SisPIOSinConsultaV2/views/default/welcome.html: 0
[2017-10-13 13:30:44] EDIT SisPIOSinConsultaV2/views/default/welcome.html: 0
[2017-10-13 13:32:26] EDIT SisPIOSinConsultaV2/views/default/welcome.html: 0
[2017-10-13 13:33:03] EDIT SisPIOSinConsultaV2/views/default/welcome.html: 0
[2017-10-13 13:33:44] EDIT SisPIOSinConsultaV2/views/default/welcome.html: 0
[2017-10-13 13:34:10] EDIT SisPIOSinConsultaV2/views/default/welcome.html: 0
[2017-10-13 13:36:23] EDIT SisPIOSinConsultaV2/views/default/welcome.html: 0
[2017-10-13 13:36:23] EDIT SisPIOSinConsultaV2/views/default/welcome.html: 0
[2017-10-13 13:36:58] EDIT SisPIOSinConsultaV2/views/default/welcome.html: 0
[2017-10-13 13:37:35] EDIT SisPIOSinConsultaV2/views/default/welcome.html: 0
[2017-10-13 13:38:10] EDIT SisPIOSinConsultaV2/views/default/welcome.html: 0
[2017-10-13 13:40:09] EDIT SisPIOSinConsultaV2/views/default/welcome.html: 0
[2017-10-13 13:40:49] EDIT SisPIOSinConsultaV2/views/default/welcome.html: 0
[2017-10-13 13:40:49] EDIT SisPIOSinConsultaV2/views/default/welcome.html: 0
[2017-10-13 13:41:34] EDIT SisPIOSinConsultaV2/views/default/welcome.html: 0
[2017-10-13 13:42:56] EDIT SisPIOSinConsultaV2/views/default/welcome.html: 0
[2017-10-13 13:44:53] EDIT SisPIOSinConsultaV2/views/default/welcome.html: 0
[2017-10-13 13:45:44] EDIT SisPIOSinConsultaV2/views/default/welcome.html: 0
[2017-10-13 13:46:23] EDIT SisPIOSinConsultaV2/views/default/welcome.html: 0
[2017-10-13 13:47:37] EDIT SisPIOSinConsultaV2/views/default/welcome.html: 0
[2017-10-13 13:48:22] EDIT SisPIOSinConsultaV2/views/default/welcome.html: 0
[2017-10-13 13:49:23] EDIT SisPIOSinConsultaV2/views/default/welcome.html: 0
[2017-10-13 13:51:35] EDIT SisPIOSinConsultaV2/views/default/welcome.html: 0
[2017-10-13 13:52:34] EDIT SisPIOSinConsultaV2/views/default/welcome.html: 0
[2017-10-13 23:12:58] EDIT SisPIOSinConsultaV2/models/db.py: 1
[2017-10-13 23:13:26] EDIT SisPIOSinConsultaV2/models/db.py: 0
[2017-10-13 23:15:50] EDIT SisPIOSinConsultaV2/models/db.py: 0
[2017-10-13 23:15:59] EDIT SisPIOSinConsultaV2/controllers/default.py: -5
[2017-10-13 23:16:06] EDIT SisPIOSinConsultaV2/controllers/default.py: 0
[2017-10-13 23:16:13] EDIT SisPIOSinConsultaV2/controllers/default.py: 0
[2017-10-13 23:16:22] EDIT SisPIOSinConsultaV2/controllers/default.py: 0
[2017-10-13 23:16:23] EDIT SisPIOSinConsultaV2/controllers/default.py: 0
[2017-10-13 23:16:23] EDIT SisPIOSinConsultaV2/controllers/default.py: 0
[2017-10-13 23:16:24] EDIT SisPIOSinConsultaV2/controllers/default.py: 0
[2017-10-13 23:16:24] EDIT SisPIOSinConsultaV2/controllers/default.py: 0
[2017-10-13 23:16:30] EDIT SisPIOSinConsultaV2/controllers/default.py: 0
[2017-10-13 23:16:30] EDIT SisPIOSinConsultaV2/controllers/default.py: 0
[2017-10-13 23:16:45] EDIT SisPIOSinConsultaV2/controllers/default.py: 0
[2017-10-13 23:17:08] EDIT SisPIOSinConsultaV2/controllers/default.py: 0
[2017-10-13 23:19:40] EDIT SisPIOSinConsultaV2/controllers/default.py: 40
[2017-10-13 23:20:21] EDIT SisPIOSinConsultaV2/controllers/default.py: 0
[2017-10-13 23:23:19] EDIT SisPIOSinConsultaV2/controllers/default.py: 26
[2017-10-13 23:23:50] EDIT SisPIOSinConsultaV2/controllers/default.py: 0
[2017-10-13 23:24:13] EDIT SisPIOSinConsultaV2/controllers/default.py: 1
[2017-10-13 23:25:30] EDIT SisPIOSinConsultaV2/controllers/default.py: 6
[2017-10-13 23:25:42] EDIT SisPIOSinConsultaV2/controllers/default.py: 0
[2017-10-13 23:26:04] EDIT SisPIOSinConsultaV2/controllers/default.py: 0
[2017-10-13 23:30:03] EDIT SisPIOSinConsultaV2/controllers/default.py: 72
[2017-10-13 23:30:16] EDIT SisPIOSinConsultaV2/controllers/default.py: 0
[2017-10-13 23:31:12] EDIT SisPIOSinConsultaV2/controllers/default.py: 0
[2017-10-13 23:36:13] EDIT SisPIOSinConsultaV2/controllers/default.py: 1
[2017-10-13 23:36:32] EDIT SisPIOSinConsultaV2/controllers/default.py: 0
[2017-10-13 23:36:53] EDIT SisPIOSinConsultaV2/controllers/default.py: 0
[2017-10-13 23:39:37] EDIT SisPIOSinConsultaV2/controllers/default.py: 69
[2017-10-13 23:42:24] EDIT SisPIOSinConsultaV2/controllers/default.py: -33
[2017-10-13 23:44:01] EDIT SisPIOSinConsultaV2/controllers/default.py: 1
[2017-10-14 00:03:34] EDIT SisPIOSinConsultaV2/views/default/admin.html: 0
[2017-10-14 00:03:50] EDIT SisPIOSinConsultaV2/views/default/admin.html: 0
[2017-10-14 00:04:42] EDIT SisPIOSinConsultaV2/controllers/default.py: 0
[2017-10-14 00:05:43] EDIT SisPIOSinConsultaV2/views/default/admin.html: 0
[2017-10-14 00:06:06] EDIT SisPIOSinConsultaV2/views/default/admin.html: 0
[2017-10-14 00:08:05] EDIT SisPIOSinConsultaV2/controllers/default.py: 0
[2017-10-14 00:08:25] EDIT SisPIOSinConsultaV2/controllers/default.py: 0
[2017-10-14 00:11:03] EDIT SisPIOSinConsultaV2/controllers/default.py: 0
[2017-10-14 00:11:43] EDIT SisPIOSinConsultaV2/views/default/coordinadorLiceo.html: 0
[2017-10-14 00:12:42] EDIT SisPIOSinConsultaV2/views/default/coordinadorLiceo.html: 0
[2017-10-14 00:14:26] EDIT SisPIOSinConsultaV2/controllers/default.py: 0
[2017-10-14 00:15:24] EDIT SisPIOSinConsultaV2/views/default/coordinadorLiceo.html: 0
[2017-10-14 00:16:07] EDIT SisPIOSinConsultaV2/views/default/coordinadorLiceo.html: 0
[2017-10-14 00:18:26] EDIT SisPIOSinConsultaV2/views/default/coordinadorLiceo.html: 0
[2017-10-14 00:18:50] EDIT SisPIOSinConsultaV2/views/default/coordinadorLiceo.html: 0
[2017-10-14 00:19:05] EDIT SisPIOSinConsultaV2/views/default/coordinadorLiceo.html: 0
[2017-10-14 00:19:31] EDIT SisPIOSinConsultaV2/views/default/coordinadorLiceo.html: 0
[2017-10-14 00:22:26] EDIT SisPIOSinConsultaV2/views/default/coordinadorPIO.html: 0
[2017-10-14 00:22:59] EDIT SisPIOSinConsultaV2/views/default/coordinadorPIO.html: 0
[2017-10-14 00:23:25] EDIT SisPIOSinConsultaV2/controllers/default.py: 0
[2017-10-14 00:24:10] EDIT SisPIOSinConsultaV2/views/default/coordinadorPIO.html: 0
[2017-10-14 00:24:31] EDIT SisPIOSinConsultaV2/views/default/coordinadorPIO.html: 0
[2017-10-14 00:24:58] EDIT SisPIOSinConsultaV2/views/default/coordinadorPIO.html: 0
[2017-10-14 00:25:33] EDIT SisPIOSinConsultaV2/views/default/coordinadorPIO.html: 0
[2017-10-14 00:26:07] EDIT SisPIOSinConsultaV2/views/default/coordinadorPIO.html: 0
[2017-10-14 00:27:35] EDIT SisPIOSinConsultaV2/controllers/default.py: 0
[2017-10-14 00:28:52] DELETE SisPIOSinConsultaV2/views/default/coordinadorPIO.html: -513
[2017-10-14 00:29:21] CREATE default/coordinadorPio.html: 0
[2017-10-14 00:29:33] EDIT SisPIOSinConsultaV2/views/default/coordinadorPio.html: 510
[2017-10-14 00:30:59] EDIT SisPIOSinConsultaV2/views/default/coordinadorPio.html: 0
